8 500000 chr2RHet
13 1000000 chr2RHet
18 1500000 chr2RHet
23 2000000 chr2RHet
28 2500000 chr2RHet
32 3000000 chr2RHet
45 500000 chr3RHet
54 1000000 chr3RHet
56 1500000 chr3RHet
63 2000000 chr3RHet
65 2500000 chr3RHet
98 500000 chr4
120 1000000 chr4
178 500000 chr3L
200 1000000 chr3L
217 1500000 chr3L
246 2000000 chr3L
254 2500000 chr3L
273 3000000 chr3L
310 3500000 chr3L
322 4000000 chr3L
344 4500000 chr3L
354 5000000 chr3L
363 5500000 chr3L
391 6000000 chr3L
403 6500000 chr3L
413 7000000 chr3L
432 7500000 chr3L
450 8000000 chr3L
478 8500000 chr3L
503 9000000 chr3L
527 9500000 chr3L
555 10000000 chr3L
557 10500000 chr3L
567 11000000 chr3L
580 11500000 chr3L
603 12000000 chr3L
623 12500000 chr3L
641 13000000 chr3L
663 13500000 chr3L
674 14000000 chr3L
690 14500000 chr3L
704 15000000 chr3L
714 15500000 chr3L
738 16000000 chr3L
758 16500000 chr3L
790 17000000 chr3L
808 17500000 chr3L
830 18000000 chr3L
834 18500000 chr3L
857 19000000 chr3L
868 19500000 chr3L
902 20000000 chr3L
937 20500000 chr3L
952 21000000 chr3L
974 21500000 chr3L
1004 22000000 chr3L
1017 22500000 chr3L
